
<dict>
	cocos2d.x.version: quick-cocos2d-x 2.2.6
	cocos2d.x.compiled_with_profiler: false
	cocos2d.x.compiled_with_gl_state_cache: true
	gl.vendor: ATI Technologies Inc.
	gl.renderer: AMD Radeon HD 6700 Series
	gl.version: 4.4.13283 Compatibility Profile Context 14.501.1003.0
	gl.max_texture_size: 16384
	gl.max_texture_units: 108
	gl.supports_PVRTC: false
	gl.supports_NPOT: true
	gl.supports_BGRA8888: false
	gl.supports_discard_framebuffer: false
	gl.supports_vertex_array_object: true
</dict>
lua_loadChunksFromZIP() - load zip file: F:\tank\develop\quick-cocos2d-x-2.2.6-release\lib\framework_precompiled\framework_precompiled.zip
lua_loadChunksFromZIP() - loaded chunks count: 124
------------------------------------------------
LOAD LUA FILE: D:/dep/sanguo2/tools/getMd5_tank/scripts/main.lua
------------------------------------------------
[0.3808] [INFO] 
[0.3812] [INFO] # DEBUG                        = 2
[0.3814] [INFO] #
[0.3818] [INFO] # device.platform              = windows
[0.3820] [INFO] # device.model                 = unknown
[0.3822] [INFO] # device.language              = cn
[0.3824] [INFO] # device.writablePath          = D:\dep\sanguo2\tools\getMd5_tank\
[0.3826] [INFO] # device.cachePath             = D:\dep\sanguo2\tools\getMd5_tank\
[0.3828] [INFO] # device.directorySeparator    = \
[0.3830] [INFO] # device.pathSeparator         = ;
[0.3832] [INFO] #
[0.3845] [INFO] # CONFIG_SCREEN_AUTOSCALE      = FIXED_WIDTH
[0.3848] [INFO] # CONFIG_SCREEN_WIDTH          = 640.00
[0.3850] [INFO] # CONFIG_SCREEN_HEIGHT         = 960.00
[0.3853] [INFO] # display.widthInPixels        = 640.00
[0.3856] [INFO] # display.heightInPixels       = 960.00
[0.3858] [INFO] # display.contentScaleFactor   = 1.00
[0.3860] [INFO] # display.width                = 640.00
[0.3863] [INFO] # display.height               = 960.00
[0.3865] [INFO] # display.cx                   = 320.00
[0.3867] [INFO] # display.cy                   = 480.00
[0.3869] [INFO] # display.left                 = 0.00
[0.3871] [INFO] # display.right                = 640.00
[0.3874] [INFO] # display.top                  = 960.00
[0.3876] [INFO] # display.bottom               = 0.00
[0.3879] [INFO] # display.c_left               = -320.00
[0.3880] [INFO] # display.c_right              = 320.00
[0.3883] [INFO] # display.c_top                = 480.00
[0.3885] [INFO] # display.c_bottom             = -480.00
[0.3887] [INFO] #
BaseFactory
dragonBones::CCDBManager::printTickCount tickcount:1 thisptr:82442032 msCCDBManager:0, sizeof(128) 96, 20
[0.3981] ======= 过程时间较长，请耐心等候进度完成的提示 ===========
[0.3995] 1.------- 统计文件 ----------
[0.4018] compile json completed!
[0.4022] 2.------- 生成文件Md5码 ----------
[0.4298] 3.------- 编译脚本文件 ----------
[0.4459] F:/tank/develop/quick-cocos2d-x-2.2.6-release/bin/compile_scripts.bat -m files -i F:/tank/export/uc/ver_2.2.0/scripts_src -o F:/tank/export/uc/ver_2.2.0/scripts
[0.8790] 4.------- 生成配置文件 ----------
[0.9336] ======= 全部工作完成，您可以关闭程序了 ===========
