
<dict>
	cocos2d.x.version: quick-cocos2d-x 2.2.6
	cocos2d.x.compiled_with_profiler: false
	cocos2d.x.compiled_with_gl_state_cache: true
	gl.vendor: NVIDIA Corporation
	gl.renderer: GeForce GTX 1050 Ti/PCIe/SSE2
	gl.version: 4.6.0 NVIDIA 398.36
	gl.max_texture_size: 32768
	gl.max_texture_units: 192
	gl.supports_PVRTC: false
	gl.supports_NPOT: true
	gl.supports_BGRA8888: false
	gl.supports_discard_framebuffer: false
	gl.supports_vertex_array_object: true
</dict>
lua_loadChunksFromZIP() - load zip file: E:\tank\tank_client\chf\res/framework_precompiled.zip
lua_loadChunksFromZIP() - loaded chunks count: 124
------------------------------------------------
LOAD LUA FILE: E:/tank/tank_client/chf/scripts/main.lua
------------------------------------------------
[0.5379] [INFO] 
[0.5382] [INFO] # DEBUG                        = 0
[0.5387] [INFO] #
[0.5393] [INFO] # device.platform              = windows
[0.5398] [INFO] # device.model                 = unknown
[0.5401] [INFO] # device.language              = cn
[0.5415] [INFO] # device.writablePath          = E:\tank\tank_client\chf\
[0.5426] [INFO] # device.cachePath             = E:\tank\tank_client\chf\
[0.5444] [INFO] # device.directorySeparator    = \
[0.5462] [INFO] # device.pathSeparator         = ;
[0.5478] [INFO] #
[0.5497] [INFO] # CONFIG_SCREEN_AUTOSCALE      = FIXED_WIDTH
[0.5499] [INFO] # CONFIG_SCREEN_WIDTH          = 640.00
[0.5512] [INFO] # CONFIG_SCREEN_HEIGHT         = 960.00
[0.5523] [INFO] # display.widthInPixels        = 640.00
[0.5540] [INFO] # display.heightInPixels       = 960.00
[0.5554] [INFO] # display.contentScaleFactor   = 1.00
[0.5565] [INFO] # display.width                = 640.00
[0.5577] [INFO] # display.height               = 960.00
[0.5588] [INFO] # display.cx                   = 320.00
[0.5602] [INFO] # display.cy                   = 480.00
[0.5614] [INFO] # display.left                 = 0.00
[0.5627] [INFO] # display.right                = 640.00
[0.5653] [INFO] # display.top                  = 960.00
[0.5666] [INFO] # display.bottom               = 0.00
[0.5680] [INFO] # display.c_left               = -320.00
[0.5692] [INFO] # display.c_right              = 320.00
[0.5704] [INFO] # display.c_top                = 480.00
[0.5716] [INFO] # display.c_bottom             = -480.00
[0.5728] [INFO] #
BaseFactory
dragonBones::CCDBManager::printTickCount tickcount:1 thisptr:95379392 msCCDBManager:0, sizeof(128) 96, 20
[0.5814] [MyApp] require_ex = app.Enter
[0.5829] GAME_ORIGIANL_X=  0
[0.5832] GAME_ORIGIANL_Y=  0
[0.5844] GAME_SIZE_WIDTH=  640
[0.5857] GAME_SIZE_HEIGHT=  960
[0.5870] GAME_X_SCALE_FACTOR=  1
[0.5896] [MyApp] require_ex = app.ui.init
[0.5904] [MyApp] require_ex = app.ui.button.Button
[0.5920] [MyApp] require_ex = app.ui.button.MenuButton
[0.5940] [MyApp] require_ex = app.ui.button.ScaleButton
[0.5949] [MyApp] require_ex = app.ui.button.TouchButton
[0.5966] [MyApp] require_ex = app.ui.button.LabelButton
[0.5978] [MyApp] require_ex = app.ui.button.CheckBox
[0.5990] [MyApp] require_ex = app.ui.button.CellMenuButton
[0.5998] [MyApp] require_ex = app.ui.button.CellTouchButton
[0.6012] [MyApp] require_ex = app.ui.button.CellScaleButton
[0.6029] [MyApp] require_ex = app.ui.button.CellCheckBox
[0.6041] [MyApp] require_ex = app.ui.general.Toast
[0.6063] [MyApp] require_ex = app.ui.general.Loading
[0.6075] [MyApp] require_ex = app.ui.general.Pinging
[0.6120] [MyApp] require_ex = app.ui.general.ProgressBar
[0.6145] [MyApp] require_ex = app.ui.general.Slider
[0.6161] [MyApp] require_ex = app.ui.general.PointProgress
[0.6170] [MyApp] require_ex = app.ui.label.RichLabel
[0.6205] [MyApp] require_ex = app.ui.scroll.ScrollView
[0.6255] [MyApp] require_ex = app.ui.scroll.PageView
[0.6282] [MyApp] require_ex = app.ui.scroll.TableView
[0.6320] [MyApp] require_ex = app.ui.scroll.CycleView
[0.6343] [MyApp] require_ex = app.ui.general.MultiPageView
[0.6371] [MyApp] require_ex = app.util.init
[0.6379] [MyApp] require_ex = app.util.shortcodes
[0.6415] [MyApp] require_ex = app.util.Util
[0.6440] [MyApp] require_ex = app.util.UiUtil
[0.6585] [MyApp] require_ex = app.util.MathUtil
[0.6596] [MyApp] require_ex = app.util.DataBase
[0.6614] [MyApp] require_ex = app.remote.init
[0.6622] [MyApp] require_ex = app.remote.Notify
[0.6634] [MyApp] require_ex = app.remote.Request
[0.6648] [MyApp] require_ex = app.remote.NetRequest
[0.6655] [MyApp] require_ex = app.remote.LocalRequest
[0.6693] [MyApp] require_ex = app.controller.init
[0.6721] [MyApp] require_ex = app.controller.ManagerSound
[0.6730] [MyApp] require_ex = app.controller.UiDirector
[0.6756] [MyApp] require_ex = app.controller.UiNode
[0.6783] [MyApp] require_ex = app.net.PbList
[0.6854] [MyApp] require_ex = app.net.PbProtocol
[0.6918] [MyApp] require_ex = app.net.NetWrapper
[0.6984] [MyApp] require_ex = app.bo.ServiceBO
[0.7014] [MyApp] require_ex = app.bo.LoginBO
[0.7097] [MyApp] require_ex = app.bo.TKGameBO
[0.7132] [MyApp] require_ex = app.text.TKText
[0.7148] [MyApp] require_ex = app.text.InitText
[0.7164] [MyApp] require_ex = app.text.ErrorText
[0.7197] [MyApp] require_ex = app.dialog.NetErrorDialog
[0.7210] [MyApp] require_ex = app.dialog.BusErrorDialog
[0.7222] [MyApp] require_ex = app.dialog.IosUpdateDialog
[0.7236] [MyApp] require_ex = app.dialog.ChannelMaintainDialog
[0.7262] [MyApp] require_ex = app.scenes.LogoScene
[0.7271] [MyApp] require_ex = app.bo.LoginBO
[0.7910] ServiceBO.getRunParam------->  windows
[0.7916] [LoginBO] environment:  self_client
[0.7926] [LoginBO] cpid:  10314
[0.7939] [MyApp] require_ex = app.address.self_client
[0.7956] [LoginBO] account url:  http://192.168.1.166:9200/tank_account/account/account.do
[0.7965] [LoginBO] version:  1.3.8
[0.7984] [MyApp] require_ex = app.scenes.UpdateApkScene
[0.8208] [MyApp] require_ex = app.scenes.UpdateScene
[0.8255] [MyApp] require_ex = app.text.InitText
[0.8502] [MyApp] require_ex = app.Enter
[0.8521] GAME_ORIGIANL_X=  0
[0.8523] GAME_ORIGIANL_Y=  0
[0.8537] GAME_SIZE_WIDTH=  640
[0.8548] GAME_SIZE_HEIGHT=  960
[0.8561] GAME_X_SCALE_FACTOR=  1
[0.8574] [MyApp] require_ex = app.ui.init
[0.8592] [MyApp] require_ex = app.ui.button.Button
[0.8617] [MyApp] require_ex = app.ui.button.MenuButton
[0.8634] [MyApp] require_ex = app.ui.button.ScaleButton
[0.8643] [MyApp] require_ex = app.ui.button.TouchButton
[0.8655] [MyApp] require_ex = app.ui.button.LabelButton
[0.8663] [MyApp] require_ex = app.ui.button.CheckBox
[0.8680] [MyApp] require_ex = app.ui.button.CellMenuButton
[0.8689] [MyApp] require_ex = app.ui.button.CellTouchButton
[0.8707] [MyApp] require_ex = app.ui.button.CellScaleButton
[0.8721] [MyApp] require_ex = app.ui.button.CellCheckBox
[0.8729] [MyApp] require_ex = app.ui.general.Toast
[0.8745] [MyApp] require_ex = app.ui.general.Loading
[0.8757] [MyApp] require_ex = app.ui.general.Pinging
[0.8801] [MyApp] require_ex = app.ui.general.ProgressBar
[0.8822] [MyApp] require_ex = app.ui.general.Slider
[0.8840] [MyApp] require_ex = app.ui.general.PointProgress
[0.8851] [MyApp] require_ex = app.ui.label.RichLabel
[0.8887] [MyApp] require_ex = app.ui.scroll.ScrollView
[0.8943] [MyApp] require_ex = app.ui.scroll.PageView
[0.8969] [MyApp] require_ex = app.ui.scroll.TableView
[0.9010] [MyApp] require_ex = app.ui.scroll.CycleView
[0.9033] [MyApp] require_ex = app.ui.general.MultiPageView
[0.9059] [MyApp] require_ex = app.util.init
[0.9066] [MyApp] require_ex = app.util.shortcodes
[0.9093] [MyApp] require_ex = app.util.Util
[0.9119] [MyApp] require_ex = app.util.UiUtil
[0.9275] [MyApp] require_ex = app.util.MathUtil
[0.9285] [MyApp] require_ex = app.util.DataBase
[0.9303] [MyApp] require_ex = app.remote.init
[0.9319] [MyApp] require_ex = app.remote.Notify
[0.9328] [MyApp] require_ex = app.remote.Request
[0.9344] [MyApp] require_ex = app.remote.NetRequest
[0.9362] [MyApp] require_ex = app.remote.LocalRequest
[0.9400] [MyApp] require_ex = app.controller.init
[0.9406] [MyApp] require_ex = app.controller.ManagerSound
[0.9429] [MyApp] require_ex = app.controller.UiDirector
[0.9452] [MyApp] require_ex = app.controller.UiNode
[0.9482] [MyApp] require_ex = app.net.PbList
[0.9566] [MyApp] require_ex = app.net.PbProtocol
[0.9580] [MyApp] require_ex = app.net.NetWrapper
[0.9606] [MyApp] require_ex = app.bo.ServiceBO
[0.9644] [MyApp] require_ex = app.bo.LoginBO
[0.9750] [MyApp] require_ex = app.bo.TKGameBO
[0.9781] [MyApp] require_ex = app.text.TKText
[0.9792] [MyApp] require_ex = app.text.InitText
[0.9804] [MyApp] require_ex = app.text.ErrorText
[0.9844] [MyApp] require_ex = app.dialog.NetErrorDialog
[0.9859] [MyApp] require_ex = app.dialog.BusErrorDialog
[0.9876] [MyApp] require_ex = app.dialog.IosUpdateDialog
[0.9896] [MyApp] require_ex = app.dialog.ChannelMaintainDialog
[0.9937] [MyApp] require_ex = app.scenes.LoginScene
[0.9986] [MyApp] require_ex = app.text.LoginText
[1.0070] LoginScene:onEnter ... 
[1.0097] [LoginBO] uuid:  00000000-2625-0b64-7b72-55e30033c587
[2.5611] [LoginScene] login account:  yd  pwd:  000
[2.5624] dump from: [string "E:\tank\tank_client\chf\scripts/.\app/util/Util.lua"]:46: in function 'gdump'
[2.5654] - "loginData===" = {
[2.5666] -     "baseVersion" = "2.4.0"
[2.5678] -     "deviceNo"    = "00000000-2625-0b64-7b72-55e30033c587"
[2.5690] -     "plat"        = "self"
[2.5703] -     "sid"         = "yd_000"
[2.5723] -     "version"     = "1.3.8"
[2.5734] - }
[2.5752] [NetWrapper] url:  http://192.168.1.166:9200/tank_account/account/account.do
[2.5758] [NetWrapper] type:  POST
[2.5772] [NetWrapper] pro:  DoLogin
CCHTTPRequest[0x0001] - create request with url: http://192.168.1.166:9200/tank_account/account/account.do
[2.5996] [PbProtocol] decode response cmd  102  code:  200  param:  0  name:  DoLogin
[2.6003] dump from: [string "E:\tank\tank_client\chf\scripts/.\app/util/Util.lua"]:46: in function 'gdump'
[2.6029] - "[NetWrapper] 获得的数据" = {
[2.6040] -     "active" = 1
[2.6053] -     "keyId"  = 2555
[2.6062] -     "recent" = {
[2.6072] -         1 = 137
[2.6083] -         2 = 1
[2.6102] -         3 = 0
[2.6111] -     }
[2.6124] -     "token"  = "6830034acbed4788be4a526823228ff2"
[2.6136] - }
[2.6152] dump from: [string "E:\tank\tank_client\chf\scripts/.\app/util/Util.lua"]:46: in function 'gdump'
[2.6166] - "DoLogin data" = {
[2.6178] -     "active" = 1
[2.6196] -     "keyId"  = 2555
[2.6208] -     "recent" = {
[2.6221] -         1 = 137
[2.6231] -         2 = 1
[2.6243] -         3 = 0
[2.6256] -     }
[2.6269] -     "token"  = "6830034acbed4788be4a526823228ff2"
[2.6281] - }
[2.6299] [LoginBO] token:  6830034acbed4788be4a526823228ff2
[2.6309] [LoginBO] keyId:  2555
[2.6332] [MyApp] require_ex = app.scenes.AreaScene
[2.6366] AreaScene:ctor ... 
[2.6384] [NetWrapper] url:  http://192.168.1.166/serverlist_tank.json
[2.6391] [NetWrapper] type:  GET
CCHTTPRequest[0x0002] - create request with url: http://192.168.1.166/serverlist_tank.json
CCHTTPRequest[0x0002] - request removed
[3.8959] [NetQueue] 协议发送:  default_2  time:  1563528622
[3.9127] dump from: [string "E:\tank\tank_client\chf\scripts/.\app/util/Util.lua"]:46: in function 'gdump'
[3.9136] - "LoginBO.asynGetServerList" = {
[3.9153] -     "baseVersion" = "1.0.1"
[3.9174] -     "list" = {
[3.9191] -         1 = {
[3.9200] -             "hot"       = 0
[3.9213] -             "id"        = 1
[3.9225] -             "name"      = "策划服"
[3.9239] -             "new"       = 1
[3.9253] -             "port"      = 9201
[3.9264] -             "socketURL" = "192.168.1.166"
[3.9274] -             "stop"      = 0
[3.9285] -             "url"       = "192.168.1.166:9202/inner.do"
[3.9296] -         }
[3.9312] -         2 = {
[3.9327] -             "hot"       = 0
[3.9338] -             "id"        = 2
[3.9354] -             "name"      = "策划2服"
[3.9365] -             "new"       = 1
[3.9378] -             "port"      = 9203
[3.9390] -             "socketURL" = "192.168.1.166"
[3.9402] -             "stop"      = 0
[3.9417] -             "url"       = "192.168.1.166:9204/inner.do"
[3.9431] -         }
[3.9446] -         3 = {
[3.9457] -             "hot"       = 0
[3.9478] -             "id"        = 137
[3.9487] -             "name"      = "叶顶服"
[3.9500] -             "new"       = 1
[3.9513] -             "port"      = 9201
[3.9525] -             "socketURL" = "192.168.213.10"
[3.9551] -             "stop"      = 0
[3.9565] -             "url"       = "192.168.213.10:9202/inner.do"
[3.9578] -         }
[3.9591] -     }
[3.9604] -     "total"       = 1
[3.9617] - }
[3.9650] curAreaIndex===  137
CCHTTPRequest[0x0002] - request removed
